# JRE version: Java(TM) SE Runtime Environment (8.0_151-b12) (build 1.8.0_151-b12)
# Java VM: Java HotSpot(TM) 64-Bit Server VM (25.151-b12 mixed mode windows-amd64 compressed oops)
Heap:
 PSYoungGen      total 35840K, used 18650K [0x00000000d8400000, 0x00000000dac00000, 0x0000000100000000)
  eden space 30720K, 44% used [0x00000000d8400000,0x00000000d9138a98,0x00000000da200000)
  from space 5120K, 99% used [0x00000000da700000,0x00000000dabfe000,0x00000000dac00000)
  to   space 5120K, 0% used [0x00000000da200000,0x00000000da200000,0x00000000da700000)
 ParOldGen       total 81920K, used 18910K [0x0000000088c00000, 0x000000008dc00000, 0x00000000d8400000)
  object space 81920K, 23% used [0x0000000088c00000,0x0000000089e77be8,0x000000008dc00000)
 Metaspace       used 20646K, capacity 20900K, committed 21296K, reserved 1069056K
  class space    used 2271K, capacity 2349K, committed 2432K, reserved 1048576K
GC Heap History (8 events):
Event: 1.950 GC heap before
{Heap before GC invocations=1 (full 0):
 PSYoungGen      total 35840K, used 30720K [0x00000000d8400000, 0x00000000dac00000, 0x0000000100000000)
  eden space 30720K, 100% used [0x00000000d8400000,0x00000000da200000,0x00000000da200000)
  from space 5120K, 0% used [0x00000000da700000,0x00000000da700000,0x00000000dac00000)
  to   space 5120K, 0% used [0x00000000da200000,0x00000000da200000,0x00000000da700000)
 ParOldGen       total 81920K, used 0K [0x0000000088c00000, 0x000000008dc00000, 0x00000000d8400000)
  object space 81920K, 0% used [0x0000000088c00000,0x0000000088c00000,0x000000008dc00000)
 Metaspace       used 15397K, capacity 15590K, committed 15872K, reserved 1062912K
  class space    used 1681K, capacity 1762K, committed 1792K, reserved 1048576K
Event: 1.961 GC heap after
Heap after GC invocations=1 (full 0):
 PSYoungGen      total 35840K, used 5098K [0x00000000d8400000, 0x00000000dac00000, 0x0000000100000000)
  eden space 30720K, 0% used [0x00000000d8400000,0x00000000d8400000,0x00000000da200000)
  from space 5120K, 99% used [0x00000000da200000,0x00000000da6fab58,0x00000000da700000)
  to   space 5120K, 0% used [0x00000000da700000,0x00000000da700000,0x00000000dac00000)
 ParOldGen       total 81920K, used 693K [0x0000000088c00000, 0x000000008dc00000, 0x00000000d8400000)
  object space 81920K, 0% used [0x0000000088c00000,0x0000000088cad740,0x000000008dc00000)
 Metaspace       used 15397K, capacity 15590K, committed 15872K, reserved 1062912K
  class space    used 1681K, capacity 1762K, committed 1792K, reserved 1048576K
}
Event: 2.838 GC heap before
{Heap before GC invocations=2 (full 0):
 PSYoungGen      total 35840K, used 35818K [0x00000000d8400000, 0x00000000dac00000, 0x0000000100000000)
  eden space 30720K, 100% used [0x00000000d8400000,0x00000000da200000,0x00000000da200000)
  from space 5120K, 99% used [0x00000000da200000,0x00000000da6fab58,0x00000000da700000)
  to   space 5120K, 0% used [0x00000000da700000,0x00000000da700000,0x00000000dac00000)
 ParOldGen       total 81920K, used 693K [0x0000000088c00000, 0x000000008dc00000, 0x00000000d8400000)
  object space 81920K, 0% used [0x0000000088c00000,0x0000000088cad740,0x000000008dc00000)
 Metaspace       used 20121K, capacity 20316K, committed 20608K, reserved 1067008K
  class space    used 2271K, capacity 2349K, committed 2432K, reserved 1048576K
Event: 2.845 GC heap after
Heap after GC invocations=2 (full 0):
 PSYoungGen      total 35840K, used 5112K [0x00000000d8400000, 0x00000000dac00000, 0x0000000100000000)
  eden space 30720K, 0% used [0x00000000d8400000,0x00000000d8400000,0x00000000da200000)
  from space 5120K, 99% used [0x00000000da700000,0x00000000dabfe338,0x00000000dac00000)
  to   space 5120K, 0% used [0x00000000da200000,0x00000000da200000,0x00000000da700000)
 ParOldGen       total 81920K, used 18814K [0x0000000088c00000, 0x000000008dc00000, 0x00000000d8400000)
  object space 81920K, 22% used [0x0000000088c00000,0x0000000089e5fbe8,0x000000008dc00000)
 Metaspace       used 20121K, capacity 20316K, committed 20608K, reserved 1067008K
  class space    used 2271K, capacity 2349K, committed 2432K, reserved 1048576K
}
Event: 6.493 GC heap before
{Heap before GC invocations=3 (full 0):
 PSYoungGen      total 35840K, used 35832K [0x00000000d8400000, 0x00000000dac00000, 0x0000000100000000)
  eden space 30720K, 100% used [0x00000000d8400000,0x00000000da200000,0x00000000da200000)
  from space 5120K, 99% used [0x00000000da700000,0x00000000dabfe338,0x00000000dac00000)
  to   space 5120K, 0% used [0x00000000da200000,0x00000000da200000,0x00000000da700000)
 ParOldGen       total 81920K, used 18814K [0x0000000088c00000, 0x000000008dc00000, 0x00000000d8400000)
  object space 81920K, 22% used [0x0000000088c00000,0x0000000089e5fbe8,0x000000008dc00000)
 Metaspace       used 20481K, capacity 20700K, committed 21120K, reserved 1069056K
  class space    used 2271K, capacity 2349K, committed 2432K, reserved 1048576K
Event: 6.496 GC heap after
Heap after GC invocations=3 (full 0):
 PSYoungGen      total 35840K, used 5109K [0x00000000d8400000, 0x00000000dac00000, 0x0000000100000000)
  eden space 30720K, 0% used [0x00000000d8400000,0x00000000d8400000,0x00000000da200000)
  from space 5120K, 99% used [0x00000000da200000,0x00000000da6fd530,0x00000000da700000)
  to   space 5120K, 0% used [0x00000000da700000,0x00000000da700000,0x00000000dac00000)
 ParOldGen       total 81920K, used 18822K [0x0000000088c00000, 0x000000008dc00000, 0x00000000d8400000)
  object space 81920K, 22% used [0x0000000088c00000,0x0000000089e61be8,0x000000008dc00000)
 Metaspace       used 20481K, capacity 20700K, committed 21120K, reserved 1069056K
  class space    used 2271K, capacity 2349K, committed 2432K, reserved 1048576K
}
Event: 10.223 GC heap before
{Heap before GC invocations=4 (full 0):
 PSYoungGen      total 35840K, used 35829K [0x00000000d8400000, 0x00000000dac00000, 0x0000000100000000)
  eden space 30720K, 100% used [0x00000000d8400000,0x00000000da200000,0x00000000da200000)
  from space 5120K, 99% used [0x00000000da200000,0x00000000da6fd530,0x00000000da700000)
  to   space 5120K, 0% used [0x00000000da700000,0x00000000da700000,0x00000000dac00000)
 ParOldGen       total 81920K, used 18822K [0x0000000088c00000, 0x000000008dc00000, 0x00000000d8400000)
  object space 81920K, 22% used [0x0000000088c00000,0x0000000089e61be8,0x000000008dc00000)
 Metaspace       used 20555K, capacity 20772K, committed 21120K, reserved 1069056K
  class space    used 2271K, capacity 2349K, committed 2432K, reserved 1048576K
Event: 10.226 GC heap after
Heap after GC invocations=4 (full 0):
 PSYoungGen      total 35840K, used 5112K [0x00000000d8400000, 0x00000000dac00000, 0x0000000100000000)
  eden space 30720K, 0% used [0x00000000d8400000,0x00000000d8400000,0x00000000da200000)
  from space 5120K, 99% used [0x00000000da700000,0x00000000dabfe000,0x00000000dac00000)
  to   space 5120K, 0% used [0x00000000da200000,0x00000000da200000,0x00000000da700000)
 ParOldGen       total 81920K, used 18910K [0x0000000088c00000, 0x000000008dc00000, 0x00000000d8400000)
  object space 81920K, 23% used [0x0000000088c00000,0x0000000089e77be8,0x000000008dc00000)
 Metaspace       used 20555K, capacity 20772K, committed 21120K, reserved 1069056K
  class space    used 2271K, capacity 2349K, committed 2432K, reserved 1048576K
}

